Reading netlist file: "/home/zhs/Project/AES_Cryptosystem/project/impl/gwsynthesis/aes_system.vg"
Parsing netlist file "/home/zhs/Project/AES_Cryptosystem/project/impl/gwsynthesis/aes_system.vg" completed
Processing netlist completed
Reading constraint file: "/home/zhs/Project/AES_Cryptosystem/hw/picorv32SOC.cst"
Physical Constraint parsed completed
Running placement......
[10%] Placement Phase 0 completed
[20%] Placement Phase 1 completed
[30%] Placement Phase 2 completed
[50%] Placement Phase 3 completed
Running routing......
[60%] Routing Phase 0 completed
[70%] Routing Phase 1 completed
[80%] Routing Phase 2 completed
[90%] Routing Phase 3 completed
Running timing analysis......
[95%] Timing analysis completed
Placement and routing completed
Bitstream generation in progress......
Bitstream generation completed
Running power analysis......
[100%] Power analysis completed
Generate file "/home/zhs/Project/AES_Cryptosystem/project/impl/pnr/aes_system.power.html" completed
Generate file "/home/zhs/Project/AES_Cryptosystem/project/impl/pnr/aes_system.pin.html" completed
Generate file "/home/zhs/Project/AES_Cryptosystem/project/impl/pnr/aes_system.rpt.html" completed
Generate file "/home/zhs/Project/AES_Cryptosystem/project/impl/pnr/aes_system.rpt.txt" completed
Generate file "/home/zhs/Project/AES_Cryptosystem/project/impl/pnr/aes_system.tr.html" completed
Sat Nov  5 17:21:10 2022

